{"C:\\Users\\Bryan\\Desktop\\projects\\ClipShip\\server\\src\\routes\\project.ts": {"path":"C:\\Users\\Bryan\\Desktop\\projects\\ClipShip\\server\\src\\routes\\project.ts","statementMap":{"0":{"start":{"line":1,"column":0},"end":{"line":1,"column":40}},"1":{"start":{"line":2,"column":0},"end":{"line":2,"column":30}},"2":{"start":{"line":3,"column":0},"end":{"line":3,"column":32}},"3":{"start":{"line":5,"column":15},"end":{"line":5,"column":31}},"4":{"start":{"line":55,"column":19},"end":{"line":55,"column":32}},"5":{"start":{"line":7,"column":0},"end":{"line":10,"column":3}},"6":{"start":{"line":7,"column":39},"end":{"line":10,"column":2}},"7":{"start":{"line":8,"column":19},"end":{"line":8,"column":null}},"8":{"start":{"line":8,"column":57},"end":{"line":8,"column":74}},"9":{"start":{"line":8,"column":8},"end":{"line":8,"column":null}},"10":{"start":{"line":9,"column":2},"end":{"line":9,"column":21}},"11":{"start":{"line":12,"column":0},"end":{"line":16,"column":3}},"12":{"start":{"line":12,"column":38},"end":{"line":16,"column":2}},"13":{"start":{"line":13,"column":9},"end":{"line":13,"column":15}},"14":{"start":{"line":14,"column":18},"end":{"line":14,"column":null}},"15":{"start":{"line":14,"column":60},"end":{"line":14,"column":77}},"16":{"start":{"line":14,"column":8},"end":{"line":14,"column":null}},"17":{"start":{"line":15,"column":2},"end":{"line":15,"column":20}},"18":{"start":{"line":18,"column":0},"end":{"line":25,"column":3}},"19":{"start":{"line":18,"column":50},"end":{"line":25,"column":2}},"20":{"start":{"line":19,"column":2},"end":{"line":21,"column":null}},"21":{"start":{"line":20,"column":4},"end":{"line":20,"column":37}},"22":{"start":{"line":22,"column":10},"end":{"line":22,"column":17}},"23":{"start":{"line":23,"column":18},"end":{"line":23,"column":null}},"24":{"start":{"line":23,"column":8},"end":{"line":23,"column":null}},"25":{"start":{"line":24,"column":2},"end":{"line":24,"column":26}},"26":{"start":{"line":27,"column":0},"end":{"line":32,"column":3}},"27":{"start":{"line":27,"column":45},"end":{"line":32,"column":2}},"28":{"start":{"line":28,"column":10},"end":{"line":28,"column":19}},"29":{"start":{"line":29,"column":8},"end":{"line":29,"column":58}},"30":{"start":{"line":30,"column":2},"end":{"line":30,"column":23}},"31":{"start":{"line":31,"column":2},"end":{"line":31,"column":47}},"32":{"start":{"line":34,"column":0},"end":{"line":44,"column":3}},"33":{"start":{"line":34,"column":46},"end":{"line":44,"column":2}},"34":{"start":{"line":35,"column":8},"end":{"line":35,"column":30}},"35":{"start":{"line":36,"column":6},"end":{"line":36,"column":10}},"36":{"start":{"line":37,"column":4},"end":{"line":37,"column":46}},"37":{"start":{"line":39,"column":6},"end":{"line":39,"column":11}},"38":{"start":{"line":40,"column":4},"end":{"line":40,"column":38}},"39":{"start":{"line":42,"column":22},"end":{"line":42,"column":null}},"40":{"start":{"line":42,"column":8},"end":{"line":42,"column":null}},"41":{"start":{"line":43,"column":2},"end":{"line":43,"column":24}},"42":{"start":{"line":46,"column":0},"end":{"line":53,"column":3}},"43":{"start":{"line":46,"column":47},"end":{"line":53,"column":2}},"44":{"start":{"line":47,"column":2},"end":{"line":49,"column":null}},"45":{"start":{"line":48,"column":4},"end":{"line":48,"column":37}},"46":{"start":{"line":50,"column":10},"end":{"line":50,"column":17}},"47":{"start":{"line":51,"column":2},"end":{"line":51,"column":44}},"48":{"start":{"line":52,"column":2},"end":{"line":52,"column":15}}},"fnMap":{"0":{"name":"(anonymous_14)","decl":{"start":{"line":7,"column":24},"end":{"line":7,"column":31}},"loc":{"start":{"line":7,"column":39},"end":{"line":10,"column":2}}},"1":{"name":"(anonymous_15)","decl":{"start":{"line":7,"column":39},"end":{"line":7,"column":null}},"loc":{"start":{"line":7,"column":39},"end":{"line":10,"column":2}}},"2":{"name":"(anonymous_17)","decl":{"start":{"line":8,"column":48},"end":{"line":8,"column":49}},"loc":{"start":{"line":8,"column":52},"end":{"line":8,"column":64}}},"3":{"name":"(anonymous_18)","decl":{"start":{"line":12,"column":23},"end":{"line":12,"column":30}},"loc":{"start":{"line":12,"column":38},"end":{"line":16,"column":2}}},"4":{"name":"(anonymous_19)","decl":{"start":{"line":12,"column":38},"end":{"line":12,"column":null}},"loc":{"start":{"line":12,"column":38},"end":{"line":16,"column":2}}},"5":{"name":"(anonymous_21)","decl":{"start":{"line":14,"column":51},"end":{"line":14,"column":52}},"loc":{"start":{"line":14,"column":55},"end":{"line":14,"column":67}}},"6":{"name":"(anonymous_22)","decl":{"start":{"line":18,"column":29},"end":{"line":18,"column":36}},"loc":{"start":{"line":18,"column":50},"end":{"line":25,"column":2}}},"7":{"name":"(anonymous_23)","decl":{"start":{"line":18,"column":50},"end":{"line":18,"column":null}},"loc":{"start":{"line":18,"column":50},"end":{"line":25,"column":2}}},"8":{"name":"(anonymous_25)","decl":{"start":{"line":27,"column":24},"end":{"line":27,"column":31}},"loc":{"start":{"line":27,"column":45},"end":{"line":32,"column":2}}},"9":{"name":"(anonymous_26)","decl":{"start":{"line":27,"column":45},"end":{"line":27,"column":null}},"loc":{"start":{"line":27,"column":45},"end":{"line":32,"column":2}}},"10":{"name":"(anonymous_28)","decl":{"start":{"line":34,"column":25},"end":{"line":34,"column":32}},"loc":{"start":{"line":34,"column":46},"end":{"line":44,"column":2}}},"11":{"name":"(anonymous_29)","decl":{"start":{"line":34,"column":46},"end":{"line":34,"column":null}},"loc":{"start":{"line":34,"column":46},"end":{"line":44,"column":2}}},"12":{"name":"(anonymous_31)","decl":{"start":{"line":46,"column":26},"end":{"line":46,"column":33}},"loc":{"start":{"line":46,"column":47},"end":{"line":53,"column":2}}},"13":{"name":"(anonymous_32)","decl":{"start":{"line":46,"column":47},"end":{"line":46,"column":null}},"loc":{"start":{"line":46,"column":47},"end":{"line":53,"column":2}}}},"branchMap":{"0":{"loc":{"start":{"line":8,"column":19},"end":{"line":8,"column":null}},"type":"switch","locations":[{"start":{"line":8,"column":19},"end":{"line":8,"column":null}}]},"1":{"loc":{"start":{"line":19,"column":2},"end":{"line":21,"column":null}},"type":"if","locations":[{"start":{"line":19,"column":2},"end":{"line":21,"column":null}},{"start":{"line":19,"column":2},"end":{"line":21,"column":null}}]},"2":{"loc":{"start":{"line":42,"column":22},"end":{"line":42,"column":null}},"type":"switch","locations":[{"start":{"line":42,"column":22},"end":{"line":42,"column":null}}]},"3":{"loc":{"start":{"line":36,"column":6},"end":{"line":36,"column":10}},"type":"if","locations":[{"start":{"line":36,"column":6},"end":{"line":36,"column":10}},{"start":{"line":36,"column":6},"end":{"line":36,"column":10}}]},"4":{"loc":{"start":{"line":39,"column":6},"end":{"line":39,"column":11}},"type":"if","locations":[{"start":{"line":39,"column":6},"end":{"line":39,"column":11}},{"start":{"line":39,"column":6},"end":{"line":39,"column":11}}]},"5":{"loc":{"start":{"line":47,"column":2},"end":{"line":49,"column":null}},"type":"if","locations":[{"start":{"line":47,"column":2},"end":{"line":49,"column":null}},{"start":{"line":47,"column":2},"end":{"line":49,"column":null}}]}},"s":{"0":1,"1":1,"2":1,"3":1,"4":1,"5":1,"6":2,"7":2,"8":0,"9":2,"10":2,"11":1,"12":1,"13":1,"14":1,"15":0,"16":1,"17":1,"18":1,"19":2,"20":2,"21":1,"22":1,"23":1,"24":1,"25":1,"26":1,"27":1,"28":1,"29":1,"30":2,"31":1,"32":1,"33":2,"34":2,"35":3,"36":2,"37":3,"38":2,"39":2,"40":2,"41":2,"42":1,"43":2,"44":2,"45":1,"46":1,"47":2,"48":1},"f":{"0":2,"1":2,"2":0,"3":1,"4":1,"5":0,"6":2,"7":2,"8":1,"9":1,"10":2,"11":2,"12":2,"13":2},"b":{"0":[2],"1":[1,1],"2":[2],"3":[1,1],"4":[1,1],"5":[1,1]}}
}
