{"C:\\Users\\Bryan\\Desktop\\projects\\ClipShip\\server\\src\\routes\\project.ts": {"path":"C:\\Users\\Bryan\\Desktop\\projects\\ClipShip\\server\\src\\routes\\project.ts","statementMap":{"0":{"start":{"line":1,"column":0},"end":{"line":1,"column":40}},"1":{"start":{"line":2,"column":0},"end":{"line":2,"column":30}},"2":{"start":{"line":3,"column":0},"end":{"line":3,"column":32}},"3":{"start":{"line":5,"column":15},"end":{"line":5,"column":31}},"4":{"start":{"line":49,"column":19},"end":{"line":49,"column":32}},"5":{"start":{"line":7,"column":0},"end":{"line":10,"column":3}},"6":{"start":{"line":7,"column":39},"end":{"line":10,"column":2}},"7":{"start":{"line":8,"column":19},"end":{"line":8,"column":null}},"8":{"start":{"line":8,"column":57},"end":{"line":8,"column":74}},"9":{"start":{"line":8,"column":8},"end":{"line":8,"column":null}},"10":{"start":{"line":9,"column":2},"end":{"line":9,"column":21}},"11":{"start":{"line":12,"column":0},"end":{"line":19,"column":3}},"12":{"start":{"line":12,"column":50},"end":{"line":19,"column":2}},"13":{"start":{"line":13,"column":2},"end":{"line":15,"column":null}},"14":{"start":{"line":14,"column":4},"end":{"line":14,"column":37}},"15":{"start":{"line":16,"column":10},"end":{"line":16,"column":17}},"16":{"start":{"line":17,"column":18},"end":{"line":17,"column":null}},"17":{"start":{"line":17,"column":8},"end":{"line":17,"column":null}},"18":{"start":{"line":18,"column":2},"end":{"line":18,"column":26}},"19":{"start":{"line":21,"column":0},"end":{"line":26,"column":3}},"20":{"start":{"line":21,"column":45},"end":{"line":26,"column":2}},"21":{"start":{"line":22,"column":10},"end":{"line":22,"column":19}},"22":{"start":{"line":23,"column":8},"end":{"line":23,"column":58}},"23":{"start":{"line":24,"column":2},"end":{"line":24,"column":23}},"24":{"start":{"line":25,"column":2},"end":{"line":25,"column":23}},"25":{"start":{"line":28,"column":0},"end":{"line":38,"column":3}},"26":{"start":{"line":28,"column":46},"end":{"line":38,"column":2}},"27":{"start":{"line":29,"column":8},"end":{"line":29,"column":30}},"28":{"start":{"line":31,"column":6},"end":{"line":31,"column":10}},"29":{"start":{"line":32,"column":14},"end":{"line":32,"column":56}},"30":{"start":{"line":32,"column":4},"end":{"line":32,"column":56}},"31":{"start":{"line":34,"column":6},"end":{"line":34,"column":11}},"32":{"start":{"line":35,"column":14},"end":{"line":35,"column":48}},"33":{"start":{"line":35,"column":4},"end":{"line":35,"column":48}},"34":{"start":{"line":37,"column":2},"end":{"line":37,"column":20}},"35":{"start":{"line":40,"column":0},"end":{"line":47,"column":3}},"36":{"start":{"line":40,"column":47},"end":{"line":47,"column":2}},"37":{"start":{"line":41,"column":2},"end":{"line":43,"column":null}},"38":{"start":{"line":42,"column":4},"end":{"line":42,"column":37}},"39":{"start":{"line":44,"column":10},"end":{"line":44,"column":17}},"40":{"start":{"line":45,"column":18},"end":{"line":45,"column":null}},"41":{"start":{"line":45,"column":8},"end":{"line":45,"column":null}},"42":{"start":{"line":46,"column":2},"end":{"line":46,"column":15}}},"fnMap":{"0":{"name":"(anonymous_14)","decl":{"start":{"line":7,"column":24},"end":{"line":7,"column":31}},"loc":{"start":{"line":7,"column":39},"end":{"line":10,"column":2}}},"1":{"name":"(anonymous_15)","decl":{"start":{"line":7,"column":39},"end":{"line":7,"column":null}},"loc":{"start":{"line":7,"column":39},"end":{"line":10,"column":2}}},"2":{"name":"(anonymous_17)","decl":{"start":{"line":8,"column":48},"end":{"line":8,"column":49}},"loc":{"start":{"line":8,"column":52},"end":{"line":8,"column":64}}},"3":{"name":"(anonymous_18)","decl":{"start":{"line":12,"column":29},"end":{"line":12,"column":36}},"loc":{"start":{"line":12,"column":50},"end":{"line":19,"column":2}}},"4":{"name":"(anonymous_19)","decl":{"start":{"line":12,"column":50},"end":{"line":12,"column":null}},"loc":{"start":{"line":12,"column":50},"end":{"line":19,"column":2}}},"5":{"name":"(anonymous_21)","decl":{"start":{"line":21,"column":24},"end":{"line":21,"column":31}},"loc":{"start":{"line":21,"column":45},"end":{"line":26,"column":2}}},"6":{"name":"(anonymous_22)","decl":{"start":{"line":21,"column":45},"end":{"line":21,"column":null}},"loc":{"start":{"line":21,"column":45},"end":{"line":26,"column":2}}},"7":{"name":"(anonymous_24)","decl":{"start":{"line":28,"column":25},"end":{"line":28,"column":32}},"loc":{"start":{"line":28,"column":46},"end":{"line":38,"column":2}}},"8":{"name":"(anonymous_25)","decl":{"start":{"line":28,"column":46},"end":{"line":28,"column":null}},"loc":{"start":{"line":28,"column":46},"end":{"line":38,"column":2}}},"9":{"name":"(anonymous_27)","decl":{"start":{"line":40,"column":26},"end":{"line":40,"column":33}},"loc":{"start":{"line":40,"column":47},"end":{"line":47,"column":2}}},"10":{"name":"(anonymous_28)","decl":{"start":{"line":40,"column":47},"end":{"line":40,"column":null}},"loc":{"start":{"line":40,"column":47},"end":{"line":47,"column":2}}}},"branchMap":{"0":{"loc":{"start":{"line":8,"column":19},"end":{"line":8,"column":null}},"type":"switch","locations":[{"start":{"line":8,"column":19},"end":{"line":8,"column":null}}]},"1":{"loc":{"start":{"line":13,"column":2},"end":{"line":15,"column":null}},"type":"if","locations":[{"start":{"line":13,"column":2},"end":{"line":15,"column":null}},{"start":{"line":13,"column":2},"end":{"line":15,"column":null}}]},"2":{"loc":{"start":{"line":31,"column":6},"end":{"line":31,"column":10}},"type":"if","locations":[{"start":{"line":31,"column":6},"end":{"line":31,"column":10}},{"start":{"line":31,"column":6},"end":{"line":31,"column":10}}]},"3":{"loc":{"start":{"line":34,"column":6},"end":{"line":34,"column":11}},"type":"if","locations":[{"start":{"line":34,"column":6},"end":{"line":34,"column":11}},{"start":{"line":34,"column":6},"end":{"line":34,"column":11}}]},"4":{"loc":{"start":{"line":41,"column":2},"end":{"line":43,"column":null}},"type":"if","locations":[{"start":{"line":41,"column":2},"end":{"line":43,"column":null}},{"start":{"line":41,"column":2},"end":{"line":43,"column":null}}]}},"s":{"0":1,"1":1,"2":1,"3":1,"4":1,"5":1,"6":2,"7":2,"8":0,"9":2,"10":2,"11":1,"12":2,"13":2,"14":1,"15":1,"16":1,"17":1,"18":1,"19":1,"20":1,"21":1,"22":1,"23":2,"24":1,"25":1,"26":2,"27":2,"28":3,"29":1,"30":1,"31":3,"32":1,"33":1,"34":2,"35":1,"36":2,"37":2,"38":1,"39":1,"40":1,"41":1,"42":1},"f":{"0":2,"1":2,"2":0,"3":2,"4":2,"5":1,"6":1,"7":2,"8":2,"9":2,"10":2},"b":{"0":[2],"1":[1,1],"2":[1,1],"3":[1,1],"4":[1,1]}}
,"C:\\Users\\Bryan\\Desktop\\projects\\ClipShip\\server\\src\\routes\\twitch.ts": {"path":"C:\\Users\\Bryan\\Desktop\\projects\\ClipShip\\server\\src\\routes\\twitch.ts","statementMap":{"0":{"start":{"line":1,"column":0},"end":{"line":1,"column":30}},"1":{"start":{"line":3,"column":15},"end":{"line":3,"column":31}},"2":{"start":{"line":5,"column":19},"end":{"line":5,"column":32}}},"fnMap":{},"branchMap":{},"s":{"0":0,"1":0,"2":0},"f":{},"b":{}}
}
