TN:
SF:src\routes\project.ts
FN:7,(anonymous_14)
FN:7,(anonymous_15)
FN:8,(anonymous_17)
FN:12,(anonymous_18)
FN:12,(anonymous_19)
FN:21,(anonymous_21)
FN:21,(anonymous_22)
FN:28,(anonymous_24)
FN:28,(anonymous_25)
FN:40,(anonymous_27)
FN:40,(anonymous_28)
FNF:11
FNH:10
FNDA:2,(anonymous_14)
FNDA:2,(anonymous_15)
FNDA:0,(anonymous_17)
FNDA:2,(anonymous_18)
FNDA:2,(anonymous_19)
FNDA:1,(anonymous_21)
FNDA:1,(anonymous_22)
FNDA:2,(anonymous_24)
FNDA:2,(anonymous_25)
FNDA:2,(anonymous_27)
FNDA:2,(anonymous_28)
DA:1,1
DA:2,1
DA:3,1
DA:5,1
DA:7,2
DA:8,2
DA:9,2
DA:12,2
DA:13,2
DA:14,1
DA:16,1
DA:17,1
DA:18,1
DA:21,1
DA:22,1
DA:23,1
DA:24,2
DA:25,1
DA:28,2
DA:29,2
DA:31,3
DA:32,1
DA:34,3
DA:35,1
DA:37,2
DA:40,2
DA:41,2
DA:42,1
DA:44,1
DA:45,1
DA:46,1
DA:49,1
LF:32
LH:32
BRDA:8,0,0,2
BRDA:13,1,0,1
BRDA:13,1,1,1
BRDA:31,2,0,1
BRDA:31,2,1,1
BRDA:34,3,0,1
BRDA:34,3,1,1
BRDA:41,4,0,1
BRDA:41,4,1,1
BRF:9
BRH:9
end_of_record
TN:
SF:src\routes\twitch.ts
FNF:0
FNH:0
DA:1,0
DA:3,0
DA:5,0
LF:3
LH:0
BRF:0
BRH:0
end_of_record
