TN:
SF:src\routes\project.ts
FN:7,(anonymous_14)
FN:7,(anonymous_15)
FN:8,(anonymous_17)
FN:12,(anonymous_18)
FN:12,(anonymous_19)
FN:14,(anonymous_21)
FN:18,(anonymous_22)
FN:18,(anonymous_23)
FN:27,(anonymous_25)
FN:27,(anonymous_26)
FN:34,(anonymous_28)
FN:34,(anonymous_29)
FN:46,(anonymous_31)
FN:46,(anonymous_32)
FNF:14
FNH:12
FNDA:2,(anonymous_14)
FNDA:2,(anonymous_15)
FNDA:0,(anonymous_17)
FNDA:1,(anonymous_18)
FNDA:1,(anonymous_19)
FNDA:0,(anonymous_21)
FNDA:2,(anonymous_22)
FNDA:2,(anonymous_23)
FNDA:1,(anonymous_25)
FNDA:1,(anonymous_26)
FNDA:2,(anonymous_28)
FNDA:2,(anonymous_29)
FNDA:2,(anonymous_31)
FNDA:2,(anonymous_32)
DA:1,1
DA:2,1
DA:3,1
DA:5,1
DA:7,2
DA:8,2
DA:9,2
DA:12,1
DA:13,1
DA:14,1
DA:15,1
DA:18,2
DA:19,2
DA:20,1
DA:22,1
DA:23,1
DA:24,1
DA:27,1
DA:28,1
DA:29,1
DA:30,2
DA:31,1
DA:34,2
DA:35,2
DA:36,3
DA:37,2
DA:39,3
DA:40,2
DA:42,2
DA:43,2
DA:46,2
DA:47,2
DA:48,1
DA:50,1
DA:51,2
DA:52,1
DA:55,1
LF:37
LH:37
BRDA:8,0,0,2
BRDA:19,1,0,1
BRDA:19,1,1,1
BRDA:42,2,0,2
BRDA:36,3,0,1
BRDA:36,3,1,1
BRDA:39,4,0,1
BRDA:39,4,1,1
BRDA:47,5,0,1
BRDA:47,5,1,1
BRF:10
BRH:10
end_of_record
